<?xml version="1.0" encoding="UTF-8"?>
<!-- Generated by org.testng.reporters.JUnitXMLReporter -->
<testsuite ignored="1" hostname="AcerAspire5" failures="0" tests="1" name="errorValidation" time="6.751" errors="0" timestamp="2023-04-08T16:20:57 EEST">
  <testcase classname="tests.ErrorValidations" name="loginErrorValidation" time="1.131"/>
  <testcase classname="tests.ErrorValidations" name="productErrorValidation" time="0.0">
    <ignored/>
  </testcase> <!-- productErrorValidation -->
</testsuite> <!-- errorValidation -->
