<?xml version="1.0" encoding="UTF-8"?>
<!-- Generated by org.testng.reporters.JUnitXMLReporter -->
<testsuite ignored="1" hostname="AcerAspire5" failures="0" tests="2" name="submitOrder" time="28.616" errors="0" timestamp="2023-04-08T16:34:40 EEST">
  <testcase classname="tests.SubmitOrderTest" name="submitOrder" time="9.192"/>
  <testcase classname="tests.SubmitOrderTest" name="submitOrder" time="9.147"/>
  <testcase classname="tests.SubmitOrderTest" name="orderHistoryTest" time="0.0">
    <ignored/>
  </testcase> <!-- orderHistoryTest -->
</testsuite> <!-- submitOrder -->
