<?xml version="1.0" encoding="UTF-8"?>
<!-- Generated by org.testng.reporters.JUnitXMLReporter -->
<testsuite ignored="0" hostname="AcerAspire5" failures="0" tests="3" name="errorValidation" time="51.898" errors="0" timestamp="2023-04-08T16:19:21 EEST">
  <testcase classname="tests.ErrorValidations" name="loginErrorValidation" time="0.635"/>
  <testcase classname="tests.ErrorValidations" name="productErrorValidation" time="27.782">
    <skipped/>
  </testcase> <!-- productErrorValidation -->
  <testcase classname="tests.ErrorValidations" name="productErrorValidation" time="8.073"/>
</testsuite> <!-- errorValidation -->
