<?xml version="1.0" encoding="UTF-8"?>
<!-- Generated by org.testng.reporters.JUnitXMLReporter -->
<testsuite ignored="1" hostname="AcerAspire5" failures="0" tests="2" name="submitOrder" time="29.007" errors="0" timestamp="2023-04-08T16:20:31 EEST">
  <testcase classname="tests.SubmitOrderTest" name="submitOrder" time="9.261"/>
  <testcase classname="tests.SubmitOrderTest" name="submitOrder" time="9.143"/>
  <testcase classname="tests.SubmitOrderTest" name="orderHistoryTest" time="0.0">
    <ignored/>
  </testcase> <!-- orderHistoryTest -->
</testsuite> <!-- submitOrder -->
