<?xml version="1.0" encoding="UTF-8"?>
<testng-results ignored="1" total="3" passed="2" failed="0" skipped="0">
  <reporter-output>
  </reporter-output>
  <suite started-at="2023-04-08T16:34:11 EEST" name="Suite" finished-at="2023-04-08T16:34:39 EEST" duration-ms="28616">
    <groups>
      <group name="Purchase">
        <method signature="SubmitOrderTest.submitOrder(java.util.HashMap)[pri:0, instance:tests.SubmitOrderTest@4426bff1]" name="submitOrder" class="tests.SubmitOrderTest"/>
      </group> <!-- Purchase -->
    </groups>
    <test started-at="2023-04-08T16:34:11 EEST" name="submitOrder" finished-at="2023-04-08T16:34:39 EEST" duration-ms="28616">
      <class name="tests.SubmitOrderTest">
        <test-method is-config="true" signature="launchApplication()[pri:0, instance:tests.SubmitOrderTest@4426bff1]" started-at="2023-04-08T16:34:11 EEST" name="launchApplication" finished-at="2023-04-08T16:34:16 EEST" duration-ms="5108" status="PASS">
          <reporter-output>
          </reporter-output>
        </test-method> <!-- launchApplication -->
        <test-method signature="submitOrder(java.util.HashMap)[pri:0, instance:tests.SubmitOrderTest@4426bff1]" started-at="2023-04-08T16:34:16 EEST" name="submitOrder" data-provider="getData" finished-at="2023-04-08T16:34:25 EEST" duration-ms="9192" status="PASS">
          <params>
            <param index="0">
              <value>
                <![CDATA[{itemNeeded=ZARA COAT 3, password=UnitedNow_1, email=gigaunited@gmail.com}]]>
              </value>
            </param>
          </params>
          <reporter-output>
          </reporter-output>
        </test-method> <!-- submitOrder -->
        <test-method is-config="true" signature="tearDown()[pri:0, instance:tests.SubmitOrderTest@4426bff1]" started-at="2023-04-08T16:34:25 EEST" name="tearDown" finished-at="2023-04-08T16:34:25 EEST" duration-ms="145" status="PASS">
          <reporter-output>
          </reporter-output>
        </test-method> <!-- tearDown -->
        <test-method is-config="true" signature="launchApplication()[pri:0, instance:tests.SubmitOrderTest@4426bff1]" started-at="2023-04-08T16:34:25 EEST" name="launchApplication" finished-at="2023-04-08T16:34:30 EEST" duration-ms="4573" status="PASS">
          <reporter-output>
          </reporter-output>
        </test-method> <!-- launchApplication -->
        <test-method signature="submitOrder(java.util.HashMap)[pri:0, instance:tests.SubmitOrderTest@4426bff1]" started-at="2023-04-08T16:34:30 EEST" name="submitOrder" data-provider="getData" finished-at="2023-04-08T16:34:39 EEST" duration-ms="9147" status="PASS">
          <params>
            <param index="0">
              <value>
                <![CDATA[{itemNeeded=ADIDAS ORIGINAL, password=Iamking@000, email=shetty@gmail.com}]]>
              </value>
            </param>
          </params>
          <reporter-output>
          </reporter-output>
        </test-method> <!-- submitOrder -->
        <test-method is-config="true" signature="tearDown()[pri:0, instance:tests.SubmitOrderTest@4426bff1]" started-at="2023-04-08T16:34:39 EEST" name="tearDown" finished-at="2023-04-08T16:34:39 EEST" duration-ms="183" status="PASS">
          <reporter-output>
          </reporter-output>
        </test-method> <!-- tearDown -->
      </class> <!-- tests.SubmitOrderTest -->
    </test> <!-- submitOrder -->
  </suite> <!-- Suite -->
</testng-results>
